[INFO] Scanning for projects...
[INFO] 
[INFO] --------------------< com.schedule:duty-scheduler >---------------------
[INFO] Building Duty Scheduler 1.0.0
[INFO]   from pom.xml
[INFO] --------------------------------[ war ]---------------------------------
[INFO] Artifact org.springframework:spring-webmvc:pom:6.1.3 is present in the local repository, but cached from a remote repository ID that is unavailable in current build context, verifying that is downloadable from [aliyunmaven (https://maven.aliyun.com/repository/public, default, releases)]
[INFO] Artifact org.springframework:spring-webmvc:pom:6.1.3 is present in the local repository, but cached from a remote repository ID that is unavailable in current build context, verifying that is downloadable from [aliyunmaven (https://maven.aliyun.com/repository/public, default, releases)]
Downloading from aliyunmaven: https://maven.aliyun.com/repository/public/org/springframework/spring-webmvc/6.1.3/spring-webmvc-6.1.3.pom
Downloaded from aliyunmaven: https://maven.aliyun.com/repository/public/org/springframework/spring-webmvc/6.1.3/spring-webmvc-6.1.3.pom (0 B at 0 B/s)
[INFO] Artifact org.springframework:spring-aop:pom:6.1.3 is present in the local repository, but cached from a remote repository ID that is unavailable in current build context, verifying that is downloadable from [aliyunmaven (https://maven.aliyun.com/repository/public, default, releases)]
[INFO] Artifact org.springframework:spring-aop:pom:6.1.3 is present in the local repository, but cached from a remote repository ID that is unavailable in current build context, verifying that is downloadable from [aliyunmaven (https://maven.aliyun.com/repository/public, default, releases)]
Downloading from aliyunmaven: https://maven.aliyun.com/repository/public/org/springframework/spring-aop/6.1.3/spring-aop-6.1.3.pom
Downloaded from aliyunmaven: https://maven.aliyun.com/repository/public/org/springframework/spring-aop/6.1.3/spring-aop-6.1.3.pom (0 B at 0 B/s)
[INFO] Artifact org.springframework:spring-beans:pom:6.1.3 is present in the local repository, but cached from a remote repository ID that is unavailable in current build context, verifying that is downloadable from [aliyunmaven (https://maven.aliyun.com/repository/public, default, releases)]
[INFO] Artifact org.springframework:spring-beans:pom:6.1.3 is present in the local repository, but cached from a remote repository ID that is unavailable in current build context, verifying that is downloadable from [aliyunmaven (https://maven.aliyun.com/repository/public, default, releases)]
Downloading from aliyunmaven: https://maven.aliyun.com/repository/public/org/springframework/spring-beans/6.1.3/spring-beans-6.1.3.pom
Downloaded from aliyunmaven: https://maven.aliyun.com/repository/public/org/springframework/spring-beans/6.1.3/spring-beans-6.1.3.pom (0 B at 0 B/s)
[INFO] Artifact org.springframework:spring-core:pom:6.1.3 is present in the local repository, but cached from a remote repository ID that is unavailable in current build context, verifying that is downloadable from [aliyunmaven (https://maven.aliyun.com/repository/public, default, releases)]
[INFO] Artifact org.springframework:spring-core:pom:6.1.3 is present in the local repository, but cached from a remote repository ID that is unavailable in current build context, verifying that is downloadable from [aliyunmaven (https://maven.aliyun.com/repository/public, default, releases)]
Downloading from aliyunmaven: https://maven.aliyun.com/repository/public/org/springframework/spring-core/6.1.3/spring-core-6.1.3.pom
Downloaded from aliyunmaven: https://maven.aliyun.com/repository/public/org/springframework/spring-core/6.1.3/spring-core-6.1.3.pom (0 B at 0 B/s)
[INFO] Artifact org.springframework:spring-jcl:pom:6.1.3 is present in the local repository, but cached from a remote repository ID that is unavailable in current build context, verifying that is downloadable from [aliyunmaven (https://maven.aliyun.com/repository/public, default, releases)]
[INFO] Artifact org.springframework:spring-jcl:pom:6.1.3 is present in the local repository, but cached from a remote repository ID that is unavailable in current build context, verifying that is downloadable from [aliyunmaven (https://maven.aliyun.com/repository/public, default, releases)]
Downloading from aliyunmaven: https://maven.aliyun.com/repository/public/org/springframework/spring-jcl/6.1.3/spring-jcl-6.1.3.pom
Downloaded from aliyunmaven: https://maven.aliyun.com/repository/public/org/springframework/spring-jcl/6.1.3/spring-jcl-6.1.3.pom (0 B at 0 B/s)
[INFO] Artifact org.springframework:spring-context:pom:6.1.3 is present in the local repository, but cached from a remote repository ID that is unavailable in current build context, verifying that is downloadable from [aliyunmaven (https://maven.aliyun.com/repository/public, default, releases)]
[INFO] Artifact org.springframework:spring-context:pom:6.1.3 is present in the local repository, but cached from a remote repository ID that is unavailable in current build context, verifying that is downloadable from [aliyunmaven (https://maven.aliyun.com/repository/public, default, releases)]
Downloading from aliyunmaven: https://maven.aliyun.com/repository/public/org/springframework/spring-context/6.1.3/spring-context-6.1.3.pom
Downloaded from aliyunmaven: https://maven.aliyun.com/repository/public/org/springframework/spring-context/6.1.3/spring-context-6.1.3.pom (0 B at 0 B/s)
[INFO] Artifact org.springframework:spring-expression:pom:6.1.3 is present in the local repository, but cached from a remote repository ID that is unavailable in current build context, verifying that is downloadable from [aliyunmaven (https://maven.aliyun.com/repository/public, default, releases)]
[INFO] Artifact org.springframework:spring-expression:pom:6.1.3 is present in the local repository, but cached from a remote repository ID that is unavailable in current build context, verifying that is downloadable from [aliyunmaven (https://maven.aliyun.com/repository/public, default, releases)]
Downloading from aliyunmaven: https://maven.aliyun.com/repository/public/org/springframework/spring-expression/6.1.3/spring-expression-6.1.3.pom
Downloaded from aliyunmaven: https://maven.aliyun.com/repository/public/org/springframework/spring-expression/6.1.3/spring-expression-6.1.3.pom (0 B at 0 B/s)
[INFO] Artifact io.micrometer:micrometer-observation:pom:1.12.2 is present in the local repository, but cached from a remote repository ID that is unavailable in current build context, verifying that is downloadable from [aliyunmaven (https://maven.aliyun.com/repository/public, default, releases)]
[INFO] Artifact io.micrometer:micrometer-observation:pom:1.12.2 is present in the local repository, but cached from a remote repository ID that is unavailable in current build context, verifying that is downloadable from [aliyunmaven (https://maven.aliyun.com/repository/public, default, releases)]
Downloading from aliyunmaven: https://maven.aliyun.com/repository/public/io/micrometer/micrometer-observation/1.12.2/micrometer-observation-1.12.2.pom
Downloaded from aliyunmaven: https://maven.aliyun.com/repository/public/io/micrometer/micrometer-observation/1.12.2/micrometer-observation-1.12.2.pom (0 B at 0 B/s)
[INFO] Artifact io.micrometer:micrometer-commons:pom:1.12.2 is present in the local repository, but cached from a remote repository ID that is unavailable in current build context, verifying that is downloadable from [aliyunmaven (https://maven.aliyun.com/repository/public, default, releases)]
[INFO] Artifact io.micrometer:micrometer-commons:pom:1.12.2 is present in the local repository, but cached from a remote repository ID that is unavailable in current build context, verifying that is downloadable from [aliyunmaven (https://maven.aliyun.com/repository/public, default, releases)]
Downloading from aliyunmaven: https://maven.aliyun.com/repository/public/io/micrometer/micrometer-commons/1.12.2/micrometer-commons-1.12.2.pom
Downloaded from aliyunmaven: https://maven.aliyun.com/repository/public/io/micrometer/micrometer-commons/1.12.2/micrometer-commons-1.12.2.pom (0 B at 0 B/s)
[INFO] Artifact org.springframework:spring-web:pom:6.1.3 is present in the local repository, but cached from a remote repository ID that is unavailable in current build context, verifying that is downloadable from [aliyunmaven (https://maven.aliyun.com/repository/public, default, releases)]
[INFO] Artifact org.springframework:spring-web:pom:6.1.3 is present in the local repository, but cached from a remote repository ID that is unavailable in current build context, verifying that is downloadable from [aliyunmaven (https://maven.aliyun.com/repository/public, default, releases)]
Downloading from aliyunmaven: https://maven.aliyun.com/repository/public/org/springframework/spring-web/6.1.3/spring-web-6.1.3.pom
Downloaded from aliyunmaven: https://maven.aliyun.com/repository/public/org/springframework/spring-web/6.1.3/spring-web-6.1.3.pom (0 B at 0 B/s)
[INFO] Artifact jakarta.servlet:jakarta.servlet-api:pom:6.0.0 is present in the local repository, but cached from a remote repository ID that is unavailable in current build context, verifying that is downloadable from [aliyunmaven (https://maven.aliyun.com/repository/public, default, releases)]
[INFO] Artifact jakarta.servlet:jakarta.servlet-api:pom:6.0.0 is present in the local repository, but cached from a remote repository ID that is unavailable in current build context, verifying that is downloadable from [aliyunmaven (https://maven.aliyun.com/repository/public, default, releases)]
Downloading from aliyunmaven: https://maven.aliyun.com/repository/public/jakarta/servlet/jakarta.servlet-api/6.0.0/jakarta.servlet-api-6.0.0.pom
Downloaded from aliyunmaven: https://maven.aliyun.com/repository/public/jakarta/servlet/jakarta.servlet-api/6.0.0/jakarta.servlet-api-6.0.0.pom (0 B at 0 B/s)
[INFO] Artifact org.eclipse.ee4j:project:pom:1.0.7 is present in the local repository, but cached from a remote repository ID that is unavailable in current build context, verifying that is downloadable from [aliyunmaven (https://maven.aliyun.com/repository/public, default, releases)]
[INFO] Artifact org.eclipse.ee4j:project:pom:1.0.7 is present in the local repository, but cached from a remote repository ID that is unavailable in current build context, verifying that is downloadable from [aliyunmaven (https://maven.aliyun.com/repository/public, default, releases)]
Downloading from aliyunmaven: https://maven.aliyun.com/repository/public/org/eclipse/ee4j/project/1.0.7/project-1.0.7.pom
Downloaded from aliyunmaven: https://maven.aliyun.com/repository/public/org/eclipse/ee4j/project/1.0.7/project-1.0.7.pom (0 B at 0 B/s)
[INFO] Artifact org.springframework:spring-webmvc:jar:6.1.3 is present in the local repository, but cached from a remote repository ID that is unavailable in current build context, verifying that is downloadable from [aliyunmaven (https://maven.aliyun.com/repository/public, default, releases)]
[INFO] Artifact org.springframework:spring-aop:jar:6.1.3 is present in the local repository, but cached from a remote repository ID that is unavailable in current build context, verifying that is downloadable from [aliyunmaven (https://maven.aliyun.com/repository/public, default, releases)]
[INFO] Artifact org.springframework:spring-beans:jar:6.1.3 is present in the local repository, but cached from a remote repository ID that is unavailable in current build context, verifying that is downloadable from [aliyunmaven (https://maven.aliyun.com/repository/public, default, releases)]
[INFO] Artifact org.springframework:spring-core:jar:6.1.3 is present in the local repository, but cached from a remote repository ID that is unavailable in current build context, verifying that is downloadable from [aliyunmaven (https://maven.aliyun.com/repository/public, default, releases)]
[INFO] Artifact org.springframework:spring-jcl:jar:6.1.3 is present in the local repository, but cached from a remote repository ID that is unavailable in current build context, verifying that is downloadable from [aliyunmaven (https://maven.aliyun.com/repository/public, default, releases)]
[INFO] Artifact org.springframework:spring-expression:jar:6.1.3 is present in the local repository, but cached from a remote repository ID that is unavailable in current build context, verifying that is downloadable from [aliyunmaven (https://maven.aliyun.com/repository/public, default, releases)]
[INFO] Artifact org.springframework:spring-web:jar:6.1.3 is present in the local repository, but cached from a remote repository ID that is unavailable in current build context, verifying that is downloadable from [aliyunmaven (https://maven.aliyun.com/repository/public, default, releases)]
[INFO] Artifact org.springframework:spring-context:jar:6.1.3 is present in the local repository, but cached from a remote repository ID that is unavailable in current build context, verifying that is downloadable from [aliyunmaven (https://maven.aliyun.com/repository/public, default, releases)]
[INFO] Artifact io.micrometer:micrometer-observation:jar:1.12.2 is present in the local repository, but cached from a remote repository ID that is unavailable in current build context, verifying that is downloadable from [aliyunmaven (https://maven.aliyun.com/repository/public, default, releases)]
[INFO] Artifact io.micrometer:micrometer-commons:jar:1.12.2 is present in the local repository, but cached from a remote repository ID that is unavailable in current build context, verifying that is downloadable from [aliyunmaven (https://maven.aliyun.com/repository/public, default, releases)]
[INFO] Artifact jakarta.servlet:jakarta.servlet-api:jar:6.0.0 is present in the local repository, but cached from a remote repository ID that is unavailable in current build context, verifying that is downloadable from [aliyunmaven (https://maven.aliyun.com/repository/public, default, releases)]
[INFO] Artifact org.springframework:spring-webmvc:jar:6.1.3 is present in the local repository, but cached from a remote repository ID that is unavailable in current build context, verifying that is downloadable from [aliyunmaven (https://maven.aliyun.com/repository/public, default, releases)]
[INFO] Artifact org.springframework:spring-aop:jar:6.1.3 is present in the local repository, but cached from a remote repository ID that is unavailable in current build context, verifying that is downloadable from [aliyunmaven (https://maven.aliyun.com/repository/public, default, releases)]
[INFO] Artifact org.springframework:spring-beans:jar:6.1.3 is present in the local repository, but cached from a remote repository ID that is unavailable in current build context, verifying that is downloadable from [aliyunmaven (https://maven.aliyun.com/repository/public, default, releases)]
[INFO] Artifact org.springframework:spring-core:jar:6.1.3 is present in the local repository, but cached from a remote repository ID that is unavailable in current build context, verifying that is downloadable from [aliyunmaven (https://maven.aliyun.com/repository/public, default, releases)]
[INFO] Artifact org.springframework:spring-jcl:jar:6.1.3 is present in the local repository, but cached from a remote repository ID that is unavailable in current build context, verifying that is downloadable from [aliyunmaven (https://maven.aliyun.com/repository/public, default, releases)]
[INFO] Artifact org.springframework:spring-expression:jar:6.1.3 is present in the local repository, but cached from a remote repository ID that is unavailable in current build context, verifying that is downloadable from [aliyunmaven (https://maven.aliyun.com/repository/public, default, releases)]
[INFO] Artifact org.springframework:spring-web:jar:6.1.3 is present in the local repository, but cached from a remote repository ID that is unavailable in current build context, verifying that is downloadable from [aliyunmaven (https://maven.aliyun.com/repository/public, default, releases)]
[INFO] Artifact org.springframework:spring-context:jar:6.1.3 is present in the local repository, but cached from a remote repository ID that is unavailable in current build context, verifying that is downloadable from [aliyunmaven (https://maven.aliyun.com/repository/public, default, releases)]
[INFO] Artifact io.micrometer:micrometer-observation:jar:1.12.2 is present in the local repository, but cached from a remote repository ID that is unavailable in current build context, verifying that is downloadable from [aliyunmaven (https://maven.aliyun.com/repository/public, default, releases)]
[INFO] Artifact io.micrometer:micrometer-commons:jar:1.12.2 is present in the local repository, but cached from a remote repository ID that is unavailable in current build context, verifying that is downloadable from [aliyunmaven (https://maven.aliyun.com/repository/public, default, releases)]
[INFO] Artifact jakarta.servlet:jakarta.servlet-api:jar:6.0.0 is present in the local repository, but cached from a remote repository ID that is unavailable in current build context, verifying that is downloadable from [aliyunmaven (https://maven.aliyun.com/repository/public, default, releases)]
Downloading from aliyunmaven: https://maven.aliyun.com/repository/public/org/springframework/spring-webmvc/6.1.3/spring-webmvc-6.1.3.jar
Downloading from aliyunmaven: https://maven.aliyun.com/repository/public/org/springframework/spring-aop/6.1.3/spring-aop-6.1.3.jar
Downloading from aliyunmaven: https://maven.aliyun.com/repository/public/org/springframework/spring-beans/6.1.3/spring-beans-6.1.3.jar
Downloading from aliyunmaven: https://maven.aliyun.com/repository/public/org/springframework/spring-core/6.1.3/spring-core-6.1.3.jar
Downloading from aliyunmaven: https://maven.aliyun.com/repository/public/org/springframework/spring-jcl/6.1.3/spring-jcl-6.1.3.jar
Downloaded from aliyunmaven: https://maven.aliyun.com/repository/public/org/springframework/spring-webmvc/6.1.3/spring-webmvc-6.1.3.jar (0 B at 0 B/s)
Downloading from aliyunmaven: https://maven.aliyun.com/repository/public/org/springframework/spring-expression/6.1.3/spring-expression-6.1.3.jar
Downloaded from aliyunmaven: https://maven.aliyun.com/repository/public/org/springframework/spring-expression/6.1.3/spring-expression-6.1.3.jar (0 B at 0 B/s)
Downloading from aliyunmaven: https://maven.aliyun.com/repository/public/org/springframework/spring-web/6.1.3/spring-web-6.1.3.jar
Downloaded from aliyunmaven: https://maven.aliyun.com/repository/public/org/springframework/spring-web/6.1.3/spring-web-6.1.3.jar (0 B at 0 B/s)
Downloading from aliyunmaven: https://maven.aliyun.com/repository/public/org/springframework/spring-context/6.1.3/spring-context-6.1.3.jar
Downloaded from aliyunmaven: https://maven.aliyun.com/repository/public/org/springframework/spring-jcl/6.1.3/spring-jcl-6.1.3.jar (0 B at 0 B/s)
Downloaded from aliyunmaven: https://maven.aliyun.com/repository/public/org/springframework/spring-aop/6.1.3/spring-aop-6.1.3.jar (0 B at 0 B/s)
Downloading from aliyunmaven: https://maven.aliyun.com/repository/public/io/micrometer/micrometer-observation/1.12.2/micrometer-observation-1.12.2.jar
Downloading from aliyunmaven: https://maven.aliyun.com/repository/public/io/micrometer/micrometer-commons/1.12.2/micrometer-commons-1.12.2.jar
Downloaded from aliyunmaven: https://maven.aliyun.com/repository/public/org/springframework/spring-context/6.1.3/spring-context-6.1.3.jar (0 B at 0 B/s)
Downloading from aliyunmaven: https://maven.aliyun.com/repository/public/jakarta/servlet/jakarta.servlet-api/6.0.0/jakarta.servlet-api-6.0.0.jar
Downloaded from aliyunmaven: https://maven.aliyun.com/repository/public/org/springframework/spring-core/6.1.3/spring-core-6.1.3.jar (0 B at 0 B/s)
Downloaded from aliyunmaven: https://maven.aliyun.com/repository/public/io/micrometer/micrometer-commons/1.12.2/micrometer-commons-1.12.2.jar (0 B at 0 B/s)
Downloaded from aliyunmaven: https://maven.aliyun.com/repository/public/org/springframework/spring-beans/6.1.3/spring-beans-6.1.3.jar (0 B at 0 B/s)
Downloaded from aliyunmaven: https://maven.aliyun.com/repository/public/io/micrometer/micrometer-observation/1.12.2/micrometer-observation-1.12.2.jar (0 B at 0 B/s)
Downloaded from aliyunmaven: https://maven.aliyun.com/repository/public/jakarta/servlet/jakarta.servlet-api/6.0.0/jakarta.servlet-api-6.0.0.jar (0 B at 0 B/s)
[INFO] 
[INFO] --- clean:3.2.0:clean (default-clean) @ duty-scheduler ---
[INFO] Deleting C:\Users\Asus\CodeBuddy\20260221191406\target
[INFO] 
[INFO] --- resources:3.3.1:resources (default-resources) @ duty-scheduler ---
[INFO] Copying 1 resource from src\main\resources to target\classes
[INFO] 
[INFO] --- compiler:3.10.1:compile (default-compile) @ duty-scheduler ---
[INFO] Changes detected - recompiling the module!
[INFO] Compiling 6 source files to C:\Users\Asus\CodeBuddy\20260221191406\target\classes
[INFO] 
[INFO] --- resources:3.3.1:testResources (default-testResources) @ duty-scheduler ---
[INFO] skip non existing resourceDirectory C:\Users\Asus\CodeBuddy\20260221191406\src\test\resources
[INFO] 
[INFO] --- compiler:3.10.1:testCompile (default-testCompile) @ duty-scheduler ---
[INFO] No sources to compile
[INFO] 
[INFO] --- surefire:3.2.5:test (default-test) @ duty-scheduler ---
[INFO] Tests are skipped.
[INFO] 
[INFO] --- war:3.3.2:war (default-war) @ duty-scheduler ---
[INFO] Packaging webapp
[INFO] Assembling webapp [duty-scheduler] in [C:\Users\Asus\CodeBuddy\20260221191406\target\duty-scheduler]
[INFO] Processing war project
[INFO] Copying webapp resources [C:\Users\Asus\CodeBuddy\20260221191406\src\main\webapp]
[INFO] Building war: C:\Users\Asus\CodeBuddy\20260221191406\target\duty-scheduler.war
[INFO] ------------------------------------------------------------------------
[INFO] BUILD SUCCESS
[INFO] ------------------------------------------------------------------------
[INFO] Total time:  6.337 s
[INFO] Finished at: 2026-02-21T22:13:05+08:00
[INFO] ------------------------------------------------------------------------
